<?xml version="1.0" encoding="UTF-8"?>
<coverage generated="1597851177899" clover="3.2.0">
  <project timestamp="1597851177899" name="All files">
    <metrics statements="25" coveredstatements="25" conditionals="6" coveredconditionals="6" methods="9" coveredmethods="9" elements="40" coveredelements="40" complexity="0" loc="25" ncloc="25" packages="3" files="5" classes="5"/>
    <package name="components.button">
      <metrics statements="12" coveredstatements="12" conditionals="6" coveredconditionals="6" methods="5" coveredmethods="5"/>
      <file name="Button.jsx" path="/home/fviegas/workspace/component-library/src/components/button/Button.jsx">
        <metrics statements="5" coveredstatements="5" conditionals="6" coveredconditionals="6" methods="1" coveredmethods="1"/>
        <line num="7" count="1" type="stmt"/>
        <line num="8" count="3" type="cond" truecount="2" falsecount="0"/>
        <line num="10" count="3" type="stmt"/>
        <line num="22" count="1" type="stmt"/>
        <line num="29" count="1" type="stmt"/>
      </file>
      <file name="Button.styles.js" path="/home/fviegas/workspace/component-library/src/components/button/Button.styles.js">
        <metrics statements="7" coveredstatements="7" conditionals="0" coveredconditionals="0" methods="4" coveredmethods="4"/>
        <line num="3" count="1" type="stmt"/>
        <line num="4" count="1" type="stmt"/>
        <line num="13" count="1" type="stmt"/>
        <line num="23" count="1" type="stmt"/>
        <line num="30" count="1" type="stmt"/>
        <line num="31" count="3" type="stmt"/>
        <line num="49" count="1" type="stmt"/>
      </file>
    </package>
    <package name="components.tag">
      <metrics statements="5" coveredstatements="5" conditionals="0" coveredconditionals="0" methods="2" coveredmethods="2"/>
      <file name="Tag.jsx" path="/home/fviegas/workspace/component-library/src/components/tag/Tag.jsx">
        <metrics statements="3" coveredstatements="3" conditionals="0" coveredconditionals="0" methods="1" coveredmethods="1"/>
        <line num="6" count="1" type="stmt"/>
        <line num="7" count="1" type="stmt"/>
        <line num="14" count="1" type="stmt"/>
      </file>
      <file name="Tag.styles.js" path="/home/fviegas/workspace/component-library/src/components/tag/Tag.styles.js">
        <metrics statements="2" coveredstatements="2" conditionals="0" coveredconditionals="0" methods="1" coveredmethods="1"/>
        <line num="3" count="1" type="stmt"/>
        <line num="4" count="1" type="stmt"/>
      </file>
    </package>
    <package name="theme">
      <metrics statements="8" coveredstatements="8" conditionals="0" coveredconditionals="0" methods="2" coveredmethods="2"/>
      <file name="index.js" path="/home/fviegas/workspace/component-library/src/theme/index.js">
        <metrics statements="8" coveredstatements="8" conditionals="0" coveredconditionals="0" methods="2" coveredmethods="2"/>
        <line num="1" count="3" type="stmt"/>
        <line num="100" count="3" type="stmt"/>
        <line num="101" count="4" type="stmt"/>
        <line num="102" count="8" type="stmt"/>
        <line num="103" count="8" type="stmt"/>
        <line num="105" count="8" type="stmt"/>
        <line num="106" count="8" type="stmt"/>
        <line num="109" count="3" type="stmt"/>
      </file>
    </package>
  </project>
</coverage>
