{"/home/viegas/workspace/component-library/src/components/button/Button.jsx": {"path":"/home/viegas/workspace/component-library/src/components/button/Button.jsx","statementMap":{"0":{"start":{"line":7,"column":15},"end":{"line":20,"column":1}},"1":{"start":{"line":8,"column":25},"end":{"line":8,"column":41}},"2":{"start":{"line":10,"column":4},"end":{"line":19,"column":6}},"3":{"start":{"line":22,"column":0},"end":{"line":27,"column":2}},"4":{"start":{"line":29,"column":0},"end":{"line":34,"column":2}}},"fnMap":{"0":{"name":"(anonymous_0)","decl":{"start":{"line":7,"column":15},"end":{"line":7,"column":16}},"loc":{"start":{"line":7,"column":65},"end":{"line":20,"column":1}},"line":7}},"branchMap":{"0":{"loc":{"start":{"line":8,"column":25},"end":{"line":8,"column":41}},"type":"binary-expr","locations":[{"start":{"line":8,"column":25},"end":{"line":8,"column":33}},{"start":{"line":8,"column":37},"end":{"line":8,"column":41}}],"line":8},"1":{"loc":{"start":{"line":11,"column":40},"end":{"line":11,"column":72}},"type":"cond-expr","locations":[{"start":{"line":11,"column":55},"end":{"line":11,"column":65}},{"start":{"line":11,"column":68},"end":{"line":11,"column":72}}],"line":11},"2":{"loc":{"start":{"line":13,"column":13},"end":{"line":17,"column":13}},"type":"binary-expr","locations":[{"start":{"line":13,"column":13},"end":{"line":13,"column":17}},{"start":{"line":14,"column":16},"end":{"line":16,"column":39}}],"line":13}},"s":{"0":1,"1":3,"2":3,"3":1,"4":1},"f":{"0":3},"b":{"0":[3,2],"1":[2,1],"2":[3,1]},"_coverageSchema":"43e27e138ebf9cfc5966b082cf9a028302ed4184","hash":"87c65d98322c3352870df8e9116ddae796c6d5f8"}
,"/home/viegas/workspace/component-library/src/components/button/Button.styles.js": {"path":"/home/viegas/workspace/component-library/src/components/button/Button.styles.js","statementMap":{"0":{"start":{"line":3,"column":24},"end":{"line":28,"column":1}},"1":{"start":{"line":4,"column":24},"end":{"line":12,"column":5}},"2":{"start":{"line":13,"column":26},"end":{"line":22,"column":5}},"3":{"start":{"line":23,"column":25},"end":{"line":27,"column":5}},"4":{"start":{"line":30,"column":22},"end":{"line":47,"column":1}},"5":{"start":{"line":31,"column":27},"end":{"line":46,"column":5}},"6":{"start":{"line":49,"column":29},"end":{"line":58,"column":1}}},"fnMap":{"0":{"name":"(anonymous_0)","decl":{"start":{"line":4,"column":13},"end":{"line":4,"column":14}},"loc":{"start":{"line":4,"column":24},"end":{"line":12,"column":5}},"line":4},"1":{"name":"(anonymous_1)","decl":{"start":{"line":13,"column":15},"end":{"line":13,"column":16}},"loc":{"start":{"line":13,"column":26},"end":{"line":22,"column":5}},"line":13},"2":{"name":"(anonymous_2)","decl":{"start":{"line":23,"column":14},"end":{"line":23,"column":15}},"loc":{"start":{"line":23,"column":25},"end":{"line":27,"column":5}},"line":23},"3":{"name":"(anonymous_3)","decl":{"start":{"line":31,"column":6},"end":{"line":31,"column":7}},"loc":{"start":{"line":31,"column":27},"end":{"line":46,"column":5}},"line":31}},"branchMap":{},"s":{"0":1,"1":1,"2":1,"3":1,"4":1,"5":3,"6":1},"f":{"0":1,"1":1,"2":1,"3":3},"b":{},"_coverageSchema":"43e27e138ebf9cfc5966b082cf9a028302ed4184","hash":"e096245bc88d1ee947ff0edfbfc54fef82fb8df5"}
,"/home/viegas/workspace/component-library/src/components/loader/Loader.jsx": {"path":"/home/viegas/workspace/component-library/src/components/loader/Loader.jsx","statementMap":{"0":{"start":{"line":6,"column":22},"end":{"line":27,"column":1}},"1":{"start":{"line":29,"column":15},"end":{"line":33,"column":1}},"2":{"start":{"line":30,"column":20},"end":{"line":30,"column":32}},"3":{"start":{"line":32,"column":4},"end":{"line":32,"column":57}},"4":{"start":{"line":35,"column":0},"end":{"line":38,"column":2}},"5":{"start":{"line":40,"column":0},"end":{"line":43,"column":2}}},"fnMap":{"0":{"name":"(anonymous_0)","decl":{"start":{"line":29,"column":15},"end":{"line":29,"column":16}},"loc":{"start":{"line":29,"column":36},"end":{"line":33,"column":1}},"line":29}},"branchMap":{},"s":{"0":2,"1":2,"2":1,"3":1,"4":2,"5":2},"f":{"0":1},"b":{},"_coverageSchema":"43e27e138ebf9cfc5966b082cf9a028302ed4184","hash":"7b4cae669fd3f92fdefdb2f36e94c6c4b51c2f5a"}
,"/home/viegas/workspace/component-library/src/components/loader/Loader.styles.js": {"path":"/home/viegas/workspace/component-library/src/components/loader/Loader.styles.js","statementMap":{"0":{"start":{"line":3,"column":15},"end":{"line":7,"column":1}},"1":{"start":{"line":9,"column":23},"end":{"line":20,"column":1}},"2":{"start":{"line":10,"column":47},"end":{"line":19,"column":5}}},"fnMap":{"0":{"name":"(anonymous_0)","decl":{"start":{"line":10,"column":6},"end":{"line":10,"column":7}},"loc":{"start":{"line":10,"column":47},"end":{"line":19,"column":5}},"line":10}},"branchMap":{},"s":{"0":2,"1":2,"2":1},"f":{"0":1},"b":{},"_coverageSchema":"43e27e138ebf9cfc5966b082cf9a028302ed4184","hash":"10d4afc9ae37466b65c8bba2e3e9e7a15799237d"}
,"/home/viegas/workspace/component-library/src/theme/index.js": {"path":"/home/viegas/workspace/component-library/src/theme/index.js","statementMap":{"0":{"start":{"line":1,"column":14},"end":{"line":60,"column":1}},"1":{"start":{"line":62,"column":37},"end":{"line":69,"column":10}},"2":{"start":{"line":63,"column":4},"end":{"line":69,"column":10}},"3":{"start":{"line":64,"column":21},"end":{"line":64,"column":56}},"4":{"start":{"line":65,"column":27},"end":{"line":65,"column":51}},"5":{"start":{"line":67,"column":8},"end":{"line":67,"column":49}},"6":{"start":{"line":68,"column":8},"end":{"line":68,"column":19}},"7":{"start":{"line":71,"column":0},"end":{"line":71,"column":67}}},"fnMap":{"0":{"name":"(anonymous_0)","decl":{"start":{"line":62,"column":37},"end":{"line":62,"column":38}},"loc":{"start":{"line":63,"column":4},"end":{"line":69,"column":10}},"line":63},"1":{"name":"(anonymous_1)","decl":{"start":{"line":63,"column":36},"end":{"line":63,"column":37}},"loc":{"start":{"line":63,"column":57},"end":{"line":69,"column":5}},"line":63}},"branchMap":{},"s":{"0":3,"1":3,"2":4,"3":8,"4":8,"5":8,"6":8,"7":3},"f":{"0":4,"1":8},"b":{},"_coverageSchema":"43e27e138ebf9cfc5966b082cf9a028302ed4184","hash":"daaf589bc6705abfadb9c98b49b3e57880a881f1"}
}
