TN:
SF:/home/fviegas/workspace/component-library/src/components/button/Button.jsx
FN:7,(anonymous_0)
FNF:1
FNH:1
FNDA:3,(anonymous_0)
DA:7,1
DA:8,3
DA:10,3
DA:22,1
DA:29,1
LF:5
LH:5
BRDA:8,0,0,3
BRDA:8,0,1,2
BRDA:11,1,0,2
BRDA:11,1,1,1
BRDA:13,2,0,3
BRDA:13,2,1,1
BRF:6
BRH:6
end_of_record
TN:
SF:/home/fviegas/workspace/component-library/src/components/button/Button.styles.js
FN:4,(anonymous_0)
FN:13,(anonymous_1)
FN:23,(anonymous_2)
FN:31,(anonymous_3)
FNF:4
FNH:4
FNDA:1,(anonymous_0)
FNDA:1,(anonymous_1)
FNDA:1,(anonymous_2)
FNDA:3,(anonymous_3)
DA:3,1
DA:4,1
DA:13,1
DA:23,1
DA:30,1
DA:31,3
DA:49,1
LF:7
LH:7
BRF:0
BRH:0
end_of_record
TN:
SF:/home/fviegas/workspace/component-library/src/components/tag/Tag.jsx
FN:6,(anonymous_0)
FNF:1
FNH:1
FNDA:1,(anonymous_0)
DA:6,1
DA:7,1
DA:14,1
LF:3
LH:3
BRF:0
BRH:0
end_of_record
TN:
SF:/home/fviegas/workspace/component-library/src/components/tag/Tag.styles.js
FN:4,(anonymous_0)
FNF:1
FNH:1
FNDA:1,(anonymous_0)
DA:3,1
DA:4,1
LF:2
LH:2
BRF:0
BRH:0
end_of_record
TN:
SF:/home/fviegas/workspace/component-library/src/theme/index.js
FN:100,(anonymous_0)
FN:101,(anonymous_1)
FNF:2
FNH:2
FNDA:4,(anonymous_0)
FNDA:8,(anonymous_1)
DA:1,3
DA:100,3
DA:101,4
DA:102,8
DA:103,8
DA:105,8
DA:106,8
DA:109,3
LF:8
LH:8
BRF:0
BRH:0
end_of_record
